"../../../Engine/Content/EditorBlueprintResources/StandardMacros.uasset" 0
"../../../../../../Users/Administrator/Documents/Unreal Projects/GAME2373_Project01/Content/MyGame/Character/Sprite/ball_pop_2x_Sprite.uasset" 1
"../../../../../../Users/Administrator/Documents/Unreal Projects/GAME2373_Project01/Content/MyGame/Character/Flipbook/DeadAnimation.uasset" 2
"../../Plugins/2D/Paper2D/Content/PlaceholderTextures/DummySpriteTexture.uasset" 3
"../../Plugins/2D/Paper2D/Content/DummySpriteTexture.uasset" 4
"../../Plugins/2D/Paper2D/Content/DefaultSpriteMaterial.uasset" 5
"../../Plugins/2D/Paper2D/Content/TranslucentUnlitSpriteMaterial.uasset" 6
"../../../../../../Users/Administrator/Documents/Unreal Projects/GAME2373_Project01/Content/MyGame/Character/Sprite/ball_small_2x_Sprite.uasset" 7
"../../../../../../Users/Administrator/Documents/Unreal Projects/GAME2373_Project01/Content/MyGame/Character/Flipbook/IdleAnimation.uasset" 8
"../../../../../../Users/Administrator/Documents/Unreal Projects/GAME2373_Project01/Content/MyGame/Character/Textures/ui_bounce_block_2x.uasset" 9
"../../../../../../Users/Administrator/Documents/Unreal Projects/GAME2373_Project01/Content/MyGame/Widgets/LevelComplete.uasset" 10
"../../../../../../Users/Administrator/Documents/Unreal Projects/GAME2373_Project01/Content/MyGame/Widgets/LevelComplete2.uasset" 11
"../../../../../../Users/Administrator/Documents/Unreal Projects/GAME2373_Project01/Content/MyGame/Widgets/LostMenu.uasset" 12
"../../../../../../Users/Administrator/Documents/Unreal Projects/GAME2373_Project01/Content/MyGame/Widgets/MyHUD.uasset" 13
"../../../../../../Users/Administrator/Documents/Unreal Projects/GAME2373_Project01/Content/MyGame/Widgets/PauseMenu.uasset" 14
"../../../../../../Users/Administrator/Documents/Unreal Projects/GAME2373_Project01/Content/MyGame/Character/MyCharacter.uasset" 15
"../../../../../../Users/Administrator/Documents/Unreal Projects/GAME2373_Project01/Content/MyGame/2DSideScrollerGameMode.uasset" 16
"../../../../../../Users/Administrator/Documents/Unreal Projects/GAME2373_Project01/Content/2DSideScrollerBP/Blueprints/2DSideScrollerGameMode.uasset" 17
"../../../../../../Users/Administrator/Documents/Unreal Projects/GAME2373_Project01/Content/MyGame/Character/Textures/ball_small_2x.uasset" 18
"../../../../../../Users/Administrator/Documents/Unreal Projects/GAME2373_Project01/Content/MyGame/Character/Textures/checkpoint_2x.uasset" 19
"../../../../../../Users/Administrator/Documents/Unreal Projects/GAME2373_Project01/Content/MyGame/Character/Textures/ring_big_bottom_2x.uasset" 20
"../../../../../../Users/Administrator/Documents/Unreal Projects/GAME2373_Project01/Content/MyGame/Character/Textures/ring_big_catched_bottom_2x.uasset" 21
"../../../../../../Users/Administrator/Documents/Unreal Projects/GAME2373_Project01/Content/MyGame/Character/Textures/ring_big_catched_top_2x.uasset" 22
"../../../../../../Users/Administrator/Documents/Unreal Projects/GAME2373_Project01/Content/MyGame/Character/Textures/ring_big_top_2x.uasset" 23
"../../../../../../Users/Administrator/Documents/Unreal Projects/GAME2373_Project01/Content/MyGame/Character/Textures/thorn_2x.uasset" 24
"../../../../../../Users/Administrator/Documents/Unreal Projects/GAME2373_Project01/Content/MyGame/Level/Background.uasset" 25
"../../../Engine/Content/Animation/DefaultAnimCurveCompressionSettings.uasset" 26
"../../../Engine/Content/Functions/Engine_MaterialFunctions01/Opacity/CameraDepthFade.uasset" 27
"../../../Engine/Content/EngineMaterials/T_Default_Material_Grid_M.uasset" 28
"../../../Engine/Content/EngineMaterials/T_Default_Material_Grid_N.uasset" 29
"../../../Engine/Content/EngineMaterials/WorldGridMaterial.uasset" 30
"../../../Engine/Content/ArtTools/RenderToTexture/Meshes/S_1_Unit_Plane.uasset" 31
"../../../Engine/Content/EngineMaterials/DefaultMaterial.uasset" 32
"../../../Engine/Content/BasicShapes/Cone.uasset" 33
"../../../Engine/Content/BasicShapes/Cube.uasset" 34
"../../../Engine/Content/BasicShapes/Cylinder.uasset" 35
"../../../Engine/Content/BasicShapes/Plane.uasset" 36
"../../../Engine/Content/BasicShapes/Sphere.uasset" 37
"../../../Engine/Content/EditorLandscapeResources/DataLayer.uasset" 38
"../../../Engine/Content/EditorMaterials/MAT_Groups_Toggle.uasset" 39
"../../../Engine/Content/EditorMaterials/MAT_Groups_Visibility.uasset" 40
"../../../Engine/Content/EditorMaterials/PreviewShadowIndicator.uasset" 41
"../../../Engine/Content/EditorMaterials/PreviewShadowIndicatorMaterial.uasset" 42
"../../../Engine/Content/EditorMaterials/MatineeGroups/MAT_ColorTrack.uasset" 43
"../../../Engine/Content/EditorMaterials/MatineeGroups/MAT_Groups_Anim.uasset" 44
"../../../Engine/Content/EditorMaterials/MatineeGroups/MAT_Groups_AudioMaster.uasset" 45
"../../../Engine/Content/EditorMaterials/MatineeGroups/MAT_Groups_Director.uasset" 46
"../../../Engine/Content/EditorMaterials/MatineeGroups/MAT_Groups_Event.uasset" 47
"../../../Engine/Content/EditorMaterials/MatineeGroups/MAT_Groups_Fade.uasset" 48
"../../../Engine/Content/EditorMaterials/MatineeGroups/MAT_Groups_Float.uasset" 49
"../../../Engine/Content/EditorMaterials/MatineeGroups/MAT_Groups_Move.uasset" 50
"../../../Engine/Content/EditorMaterials/MatineeGroups/MAT_Groups_Slomo.uasset" 51
"../../../Engine/Content/EditorMaterials/MatineeGroups/MAT_Groups_Sound.uasset" 52
"../../../Engine/Content/EditorMaterials/MatineeGroups/MAT_Groups_Vector.uasset" 53
"../../../Engine/Content/EditorMaterials/ParticleSystems/PSysThumbnail_NoImage.uasset" 54
"../../../Engine/Content/EditorMaterials/ParticleSystems/PSysThumbnail_OOD.uasset" 55
"../../../Engine/Content/EditorMaterials/Camera/CineMat.uasset" 56
"../../../Engine/Content/EditorMaterials/Camera/MI_CineMat_Rig.uasset" 57
"../../../Engine/Content/EditorMeshes/Camera/SM_CraneRig_Arm.uasset" 58
"../../../Engine/Content/EditorMeshes/Camera/SM_CraneRig_Base.uasset" 59
"../../../Engine/Content/EditorMeshes/Camera/SM_CraneRig_Body.uasset" 60
"../../../Engine/Content/EditorMeshes/Camera/SM_CraneRig_Mount.uasset" 61
"../../../Engine/Content/EditorMeshes/Camera/SM_RailRig_Mount.uasset" 62
"../../../Engine/Content/EditorMeshes/Camera/SM_RailRig_Track.uasset" 63
"../../../Engine/Content/EditorResources/BSPVertex.uasset" 64
"../../../Engine/Content/EditorResources/EmptyActor.uasset" 65
"../../../Engine/Content/EditorResources/S_Actor.uasset" 66
"../../../Engine/Content/EditorResources/S_Note.uasset" 67
"../../../Engine/Content/EditorResources/S_Solver.uasset" 68
"../../../Engine/Content/EditorResources/S_Trigger.uasset" 69
"../../../Engine/Content/EditorResources/SequenceRecorder/Countdown.uasset" 70
"../../../Engine/Content/EditorResources/SequenceRecorder/RecordingIndicator.uasset" 71
"../../../Engine/Content/EditorSounds/Notifications/CompileFailed.uasset" 72
"../../../Engine/Content/EditorSounds/Notifications/CompileFailed_Cue.uasset" 73
"../../../Engine/Content/EditorSounds/Notifications/CompileSuccess.uasset" 74
"../../../Engine/Content/EditorSounds/Notifications/CompileStart_Cue.uasset" 75
"../../../Engine/Content/EditorSounds/Notifications/CompileSuccess_Cue.uasset" 76
"../../../Engine/Content/EngineDamageTypes/DmgTypeBP_Environmental.uasset" 77
"../../../Engine/Content/EngineDebugMaterials/DebugEditorMaterial.uasset" 78
"../../../Engine/Content/EngineDebugMaterials/DebugMeshMaterial.uasset" 79
"../../../Engine/Content/EngineDebugMaterials/M_SimpleTranslucent.uasset" 80
"../../../Engine/Content/Functions/Engine_MaterialFunctions02/Utility/CameraDirectionVector.uasset" 81
"../../../Engine/Content/EngineDebugMaterials/VolumeToRender.uasset" 82
"../../../Engine/Content/EngineDebugMaterials/M_VolumeRenderSphereTracePP.uasset" 83
"../../../Engine/Content/EngineDebugMaterials/WireframeMaterial.uasset" 84
"../../../Engine/Content/EngineFonts/Faces/DroidSansFallback.uasset" 85
"../../../Engine/Content/EngineFonts/Faces/RobotoBold.uasset" 86
"../../../Engine/Content/EngineFonts/Faces/RobotoBoldItalic.uasset" 87
"../../../Engine/Content/EngineFonts/Faces/RobotoItalic.uasset" 88
"../../../Engine/Content/EngineFonts/Faces/RobotoLight.uasset" 89
"../../../Engine/Content/EngineFonts/Faces/RobotoRegular.uasset" 90
"../../../Engine/Content/EngineFonts/Roboto.uasset" 91
"../../../Engine/Content/EngineMaterials/BaseFlattenDiffuseMap.uasset" 92
"../../../Engine/Content/EngineMaterials/BaseFlattenEmissiveMap.uasset" 93
"../../../Engine/Content/EngineMaterials/BaseFlattenGrayscaleMap.uasset" 94
"../../../Engine/Content/EngineMaterials/BaseFlattenNormalMap.uasset" 95
"../../../Engine/Content/EngineMaterials/BaseFlattenMaterial.uasset" 96
"../../../Engine/Content/EngineMaterials/BlueNoise.uasset" 97
"../../../Engine/Content/EngineMaterials/DefaultBloomKernel.uasset" 98
"../../../Engine/Content/EngineMaterials/DefaultBokeh.uasset" 99
"../../../Engine/Content/EngineMaterials/DefaultDiffuse.uasset" 100
"../../../Engine/Content/EngineMaterials/DefaultDeferredDecalMaterial.uasset" 101
"../../../Engine/Content/EngineMaterials/DefaultLightFunctionMaterial.uasset" 102
"../../../Engine/Content/EngineMaterials/DefaultPhysicalMaterial.uasset" 103
"../../../Engine/Content/Functions/Engine_MaterialFunctions02/Utility/BreakOutFloat2Components.uasset" 104
"../../../Engine/Content/EngineMaterials/DefaultPostProcessMaterial.uasset" 105
"../../../Engine/Content/EngineFonts/RobotoDistanceField.uasset" 106
"../../../Engine/Content/EngineMaterials/DefaultTextMaterialOpaque.uasset" 107
"../../../Engine/Content/EngineMaterials/DefaultVirtualTextureMaterial.uasset" 108
"../../../Engine/Content/EngineMaterials/DefaultWhiteGrid.uasset" 109
"../../../Engine/Content/EngineMaterials/DefaultWhiteGrid_Low.uasset" 110
"../../../Engine/Content/EngineMaterials/EmissiveMeshMaterial.uasset" 111
"../../../Engine/Content/EngineMaterials/GizmoMaterial.uasset" 112
"../../../Engine/Content/EngineMaterials/Good64x64TilingNoiseHighFreq.uasset" 113
"../../../Engine/Content/EngineMaterials/HairDefaultMaterial.uasset" 114
"../../../Engine/Content/EngineMaterials/MiniFont.uasset" 115
"../../../Engine/Content/EngineMaterials/InvalidLightmapSettings.uasset" 116
"../../../Engine/Content/EngineMaterials/M_InvalidLightmapSettings.uasset" 117
"../../../Engine/Content/Functions/Engine_MaterialFunctions02/WorldPositionOffset/CameraOffset.uasset" 118
"../../../Engine/Content/EngineMaterials/PhAT_JointLimitMaterial.uasset" 119
"../../../Engine/Content/EngineMaterials/PreintegratedSkinBRDF.uasset" 120
"../../../Engine/Content/EngineMaterials/RemoveSurfaceMaterial.uasset" 121
"../../../Engine/Content/EngineMaterials/WeightMapPlaceholderTexture.uasset" 122
"../../../Engine/Content/EngineResources/WhiteSquareTexture.uasset" 123
"../../../Engine/Content/EngineMaterials/Widget3DPassThrough.uasset" 124
"../../../Engine/Content/EngineMaterials/Widget3DPassThrough_Masked.uasset" 125
"../../../Engine/Content/EngineMaterials/Widget3DPassThrough_Opaque.uasset" 126
"../../../Engine/Content/EngineMaterials/Widget3DPassThrough_Masked_OneSided.uasset" 127
"../../../Engine/Content/EngineMaterials/Widget3DPassThrough_Opaque_OneSided.uasset" 128
"../../../Engine/Content/EngineMaterials/Widget3DPassThrough_Translucent.uasset" 129
"../../../Engine/Content/EngineMaterials/Widget3DPassThrough_Translucent_OneSided.uasset" 130
"../../../Engine/Content/EngineMeshes/Cylinder.uasset" 131
"../../../Engine/Content/EngineMeshes/Sphere.uasset" 132
"../../../Engine/Content/EngineResources/Black.uasset" 133
"../../../Engine/Content/EngineResources/DefaultTexture.uasset" 134
"../../../Engine/Content/EngineResources/DefaultTextureCube.uasset" 135
"../../../Engine/Content/EngineResources/DefaultVolumeTexture2D.uasset" 136
"../../../Engine/Content/EngineResources/DefaultVolumeTexture.uasset" 137
"../../../Engine/Content/EngineResources/GradientTexture0.uasset" 138
"../../../Engine/Content/EngineSounds/Master.uasset" 139
"../../../Engine/Content/Functions/Engine_MaterialFunctions01/Shading/ConvertFromDiffSpec.uasset" 140
"../../../Engine/Content/Functions/Engine_MaterialFunctions01/Shading/PowerToRoughness.uasset" 141
"../../../Engine/Content/Maps/Templates/Thumbnails/Default.uasset" 142
"../../../Engine/Content/Maps/Templates/Thumbnails/TimeOfDay.uasset" 143
"../../../Engine/Content/Maps/Templates/Thumbnails/VR-Basic.uasset" 144
"../../../Engine/Content/MobileResources/T_MobileControls_texture.uasset" 145
"../../../Engine/Content/MobileResources/T_MobileMenu2.uasset" 146
"../../../Engine/Content/MobileResources/HUD/AnalogHat.uasset" 147
"../../../Engine/Content/MobileResources/HUD/VirtualJoystick_Background.uasset" 148
"../../../Engine/Content/MobileResources/HUD/VirtualJoystick_Thumb.uasset" 149
"../../../Engine/Content/MobileResources/HUD/DefaultVirtualJoysticks.uasset" 150
"../../../Engine/Content/MobileResources/HUD/LeftVirtualJoystickOnly.uasset" 151
"../../../Engine/Content/MobileResources/HUD/MobileHUDButton1_off.uasset" 152
"../../../Engine/Content/MobileResources/HUD/MobileHUDButton1_on.uasset" 153
"../../../Engine/Content/MobileResources/HUD/MobileHUDButton2_off.uasset" 154
"../../../Engine/Content/MobileResources/HUD/MobileHUDButton2_on.uasset" 155
"../../../Engine/Content/MobileResources/HUD/MobileHUDButton3.uasset" 156
"../../../Engine/Content/MobileResources/HUD/MobileHUDButtonFire.uasset" 157
"../../../Engine/Content/MobileResources/HUD/MobileHUDDirectionPad.uasset" 158
"../../../Engine/Content/MobileResources/HUD/MobileHUDDirectionPad2.uasset" 159
"../../../Engine/Content/MobileResources/HUD/MobileHUDDirectionPad3.uasset" 160
"../../../Engine/Content/MobileResources/HUD/MobileHUDDirectionStick.uasset" 161
"../../../Engine/Content/MobileResources/HUD/T_Castle_ThumbstickInner.uasset" 162
"../../../Engine/Content/MobileResources/HUD/T_Castle_ThumbstickOutter.uasset" 163
"../../../Engine/Content/Tutorial/ContentIntroCurve.uasset" 164
"../../../Engine/Content/Tutorial/Basics/LevelEditorAttract.uasset" 165
"../../../Engine/Content/Tutorial/Basics/TutorialAssets/icon_tab_Levels_40x.uasset" 166
"../../../Engine/Content/Tutorial/Basics/LevelEditorOverview.uasset" 167
"../../../Engine/Content/Tutorial/Foliage/TutorialAssets/Foliage.uasset" 168
"../../../Engine/Content/Tutorial/Foliage/Foliage_Intro_Tutorial.uasset" 169
"../../../Engine/Content/Tutorial/Foliage/Foliage_Settings_Tutorial.uasset" 170
"../../../Engine/Content/Tutorial/Foliage/Foliage_Using_The_Tool_Tutorial.uasset" 171
"../../../Engine/Content/VREditor/LaserPointer/VR_LaserPower_01.uasset" 172
"../../../Engine/Content/VREditor/TransformGizmo/TransformGizmoMaterial.uasset" 173
"../../../Engine/Content/VREditor/TransformGizmo/TranslucentTransformGizmoMaterial.uasset" 174
"../../../Engine/Content/VREditor/TransformGizmo/BoundingBoxCorner.uasset" 175
"../../../Engine/Content/VREditor/TransformGizmo/BoundingBoxEdge.uasset" 176
"../../../Engine/Content/VREditor/TransformGizmo/PlaneTranslationHandle.uasset" 177
"../../../Engine/Content/VREditor/TransformGizmo/Main.uasset" 178
"../../../Engine/Content/VREditor/TransformGizmo/Xray.uasset" 179
"../../../Engine/Content/VREditor/TransformGizmo/SM_Sequencer_Key.uasset" 180
"../../../Engine/Content/VREditor/TransformGizmo/SM_Sequencer_Node.uasset" 181
"../../Plugins/2D/Paper2D/Content/DummySprite.uasset" 182
"../../Plugins/2D/Paper2D/Content/DefaultPaperTerrainMaterial.uasset" 183
"../../Plugins/2D/Paper2D/Content/MaskedUnlitSpriteMaterial.uasset" 184
"../../Plugins/2D/Paper2D/Content/OpaqueUnlitSpriteMaterial.uasset" 185
"../../../Engine/Content/Functions/Engine_MaterialFunctions02/Utility/BreakOutFloat4Components.uasset" 186
"../../../Engine/Content/Functions/Engine_MaterialFunctions02/Utility/MakeFloat2.uasset" 187
"../../../Engine/Content/Functions/Engine_MaterialFunctions02/Utility/MakeFloat3.uasset" 188
"../../Plugins/Runtime/Oculus/OculusVR/Content/Materials/OculusMR_ChromaKey.uasset" 189
"../../Plugins/Runtime/Oculus/OculusVR/Content/Materials/OculusMR_ChromaKey_Lit.uasset" 190
"../../Plugins/Runtime/Oculus/OculusVR/Content/Materials/OculusMR_OpaqueColoredMaterial.uasset" 191
"../../Plugins/Runtime/Oculus/OculusVR/Content/Materials/OculusMR_WhiteMaterial.uasset" 192
"../../../../../../Users/Administrator/Documents/Unreal Projects/GAME2373_Project01/Content/MyGame/Level/Background_Sprite1.uasset" 193
"../../../../../../Users/Administrator/Documents/Unreal Projects/GAME2373_Project01/Content/MyGame/Level/Objects/Background.uasset" 194
"../../../../../../Users/Administrator/Documents/Unreal Projects/GAME2373_Project01/Content/MyGame/Character/Sprite/ring_big_bottom_2x_Sprite.uasset" 195
"../../../../../../Users/Administrator/Documents/Unreal Projects/GAME2373_Project01/Content/MyGame/Character/Sprite/ring_big_catched_bottom_2x_Sprite.uasset" 196
"../../../../../../Users/Administrator/Documents/Unreal Projects/GAME2373_Project01/Content/MyGame/Character/Sprite/ring_big_catched_top_2x_Sprite.uasset" 197
"../../../../../../Users/Administrator/Documents/Unreal Projects/GAME2373_Project01/Content/MyGame/Character/Sprite/ring_big_top_2x_Sprite.uasset" 198
"../../../../../../Users/Administrator/Documents/Unreal Projects/GAME2373_Project01/Content/MyGame/Level/Objects/Checkpoint.uasset" 199
"../../../../../../Users/Administrator/Documents/Unreal Projects/GAME2373_Project01/Content/MyGame/Character/Sprite/checkpoint_2x_Sprite.uasset" 200
"../../../../../../Users/Administrator/Documents/Unreal Projects/GAME2373_Project01/Content/MyGame/Level/Objects/Goal.uasset" 201
"../../../../../../Users/Administrator/Documents/Unreal Projects/GAME2373_Project01/Content/MyGame/Character/Sprite/thorn_2x_Sprite.uasset" 202
"../../../../../../Users/Administrator/Documents/Unreal Projects/GAME2373_Project01/Content/MyGame/Level/Objects/Spike.uasset" 203
"../../../../../../Users/Administrator/Documents/Unreal Projects/GAME2373_Project01/Content/MyGame/Character/Textures/ui_ground_block_2x.uasset" 204
"../../../../../../Users/Administrator/Documents/Unreal Projects/GAME2373_Project01/Content/MyGame/Level/ui_ground_block_2x_TileSet.uasset" 205
"../../../../../../Users/Administrator/Documents/Unreal Projects/GAME2373_Project01/Content/MyGame/Level/Demo_TileMap.uasset" 206
"../../../../../../Users/Administrator/Documents/Unreal Projects/GAME2373_Project01/Content/MyGame/Level/Demo.umap" 207
"../../../../../../Users/Administrator/Documents/Unreal Projects/GAME2373_Project01/Content/MyGame/Character/Textures/ball_pop_2x.uasset" 208
"../../../../../../Users/Administrator/Documents/Unreal Projects/GAME2373_Project01/Content/MyGame/Widgets/EndingMenu.uasset" 209
"../../../../../../Users/Administrator/Documents/Unreal Projects/GAME2373_Project01/Content/MyGame/Level/EndingScene.umap" 210
"../../../../../../Users/Administrator/Documents/Unreal Projects/GAME2373_Project01/Content/MyGame/Widgets/TitleMenu.uasset" 211
"../../../../../../Users/Administrator/Documents/Unreal Projects/GAME2373_Project01/Content/MyGame/Level/TitleScene.umap" 212
"../../../../../../Users/Administrator/Documents/Unreal Projects/GAME2373_Project01/Content/MyGame/Character/Sprite/ui_ground_block_2x_Sprite.uasset" 213
"../../../../../../Users/Administrator/Documents/Unreal Projects/GAME2373_Project01/Content/MyGame/Level/Objects/Floor_1.uasset" 214
"../../../../../../Users/Administrator/Documents/Unreal Projects/GAME2373_Project01/Content/MyGame/Level/Objects/Floor_2.uasset" 215
"../../../../../../Users/Administrator/Documents/Unreal Projects/GAME2373_Project01/Content/MyGame/Level/Objects/Floor_5.uasset" 216
"../../../../../../Users/Administrator/Documents/Unreal Projects/GAME2373_Project01/Content/MyGame/Level/Tutorial.umap" 217
